[INFO] Scanning for projects...
[INFO]                                                                         
[INFO] ------------------------------------------------------------------------
[INFO] Building jar-skip 0.0.1.BUILD-SNAPSHOT
[INFO] ------------------------------------------------------------------------
[INFO] 
[INFO] --- maven-resources-plugin:2.6:resources (default-resources) @ jar-skip ---
[INFO] Using 'UTF-8' encoding to copy filtered resources.
[INFO] skip non existing resourceDirectory C:\Users\Vaquar khan\Documents\workspace-sts-3.6.1.RELEASE\spring-boot-master\spring-boot-tools\spring-boot-maven-plugin\target\it\jar-skip\src\main\resources
[INFO] 
[INFO] --- maven-compiler-plugin:2.5.1:compile (default-compile) @ jar-skip ---
[INFO] No sources to compile
[INFO] 
[INFO] --- maven-resources-plugin:2.6:testResources (default-testResources) @ jar-skip ---
[INFO] Using 'UTF-8' encoding to copy filtered resources.
[INFO] skip non existing resourceDirectory C:\Users\Vaquar khan\Documents\workspace-sts-3.6.1.RELEASE\spring-boot-master\spring-boot-tools\spring-boot-maven-plugin\target\it\jar-skip\src\test\resources
[INFO] 
[INFO] --- maven-compiler-plugin:2.5.1:testCompile (default-testCompile) @ jar-skip ---
[INFO] No sources to compile
[INFO] 
[INFO] --- maven-surefire-plugin:2.12.4:test (default-test) @ jar-skip ---
[INFO] No tests to run.
[INFO] 
[INFO] --- maven-jar-plugin:2.4:jar (default-jar) @ jar-skip ---
[WARNING] JAR will be empty - no content was marked for inclusion!
[INFO] Building jar: C:\Users\Vaquar khan\Documents\workspace-sts-3.6.1.RELEASE\spring-boot-master\spring-boot-tools\spring-boot-maven-plugin\target\it\jar-skip\target\jar-skip-0.0.1.BUILD-SNAPSHOT.jar
[INFO] 
[INFO] --- spring-boot-maven-plugin:1.2.0.BUILD-SNAPSHOT:repackage (default) @ jar-skip ---
[INFO] ------------------------------------------------------------------------
[INFO] BUILD SUCCESS
[INFO] ------------------------------------------------------------------------
[INFO] Total time: 4.883s
[INFO] Finished at: Tue Sep 23 02:07:25 IST 2014
[INFO] Final Memory: 13M/164M
[INFO] ------------------------------------------------------------------------
Running post-build script: C:\Users\Vaquar khan\Documents\workspace-sts-3.6.1.RELEASE\spring-boot-master\spring-boot-tools\spring-boot-maven-plugin\target\it\jar-skip\verify.groovy
Finished post-build script: C:\Users\Vaquar khan\Documents\workspace-sts-3.6.1.RELEASE\spring-boot-master\spring-boot-tools\spring-boot-maven-plugin\target\it\jar-skip\verify.groovy
