[INFO] Scanning for projects...
[INFO]                                                                         
[INFO] ------------------------------------------------------------------------
[INFO] Building run 0.0.1.BUILD-SNAPSHOT
[INFO] ------------------------------------------------------------------------
[INFO] 
[INFO] --- maven-resources-plugin:2.6:resources (default-resources) @ run ---
[INFO] Using 'UTF-8' encoding to copy filtered resources.
[INFO] skip non existing resourceDirectory C:\Users\Vaquar khan\Documents\workspace-sts-3.6.1.RELEASE\spring-boot-master\spring-boot-tools\spring-boot-maven-plugin\target\it\run\src\main\resources
[INFO] 
[INFO] --- maven-compiler-plugin:2.5.1:compile (default-compile) @ run ---
[INFO] Compiling 1 source file to C:\Users\Vaquar khan\Documents\workspace-sts-3.6.1.RELEASE\spring-boot-master\spring-boot-tools\spring-boot-maven-plugin\target\it\run\target\classes
[INFO] 
[INFO] --- maven-resources-plugin:2.6:testResources (default-testResources) @ run ---
[INFO] Using 'UTF-8' encoding to copy filtered resources.
[INFO] skip non existing resourceDirectory C:\Users\Vaquar khan\Documents\workspace-sts-3.6.1.RELEASE\spring-boot-master\spring-boot-tools\spring-boot-maven-plugin\target\it\run\src\test\resources
[INFO] 
[INFO] --- maven-compiler-plugin:2.5.1:testCompile (default-testCompile) @ run ---
[INFO] No sources to compile
[INFO] 
[INFO] --- maven-surefire-plugin:2.12.4:test (default-test) @ run ---
[INFO] No tests to run.
[INFO] 
[INFO] --- maven-jar-plugin:2.4:jar (default-jar) @ run ---
[INFO] Building jar: C:\Users\Vaquar khan\Documents\workspace-sts-3.6.1.RELEASE\spring-boot-master\spring-boot-tools\spring-boot-maven-plugin\target\it\run\target\run-0.0.1.BUILD-SNAPSHOT.jar
[INFO] 
[INFO] >>> spring-boot-maven-plugin:1.2.0.BUILD-SNAPSHOT:run (default) @ run >>>
[INFO] 
[INFO] --- maven-resources-plugin:2.6:resources (default-resources) @ run ---
[INFO] Using 'UTF-8' encoding to copy filtered resources.
[INFO] skip non existing resourceDirectory C:\Users\Vaquar khan\Documents\workspace-sts-3.6.1.RELEASE\spring-boot-master\spring-boot-tools\spring-boot-maven-plugin\target\it\run\src\main\resources
[INFO] 
[INFO] --- maven-compiler-plugin:2.5.1:compile (default-compile) @ run ---
[INFO] Nothing to compile - all classes are up to date
[INFO] 
[INFO] --- maven-resources-plugin:2.6:testResources (default-testResources) @ run ---
[INFO] Using 'UTF-8' encoding to copy filtered resources.
[INFO] skip non existing resourceDirectory C:\Users\Vaquar khan\Documents\workspace-sts-3.6.1.RELEASE\spring-boot-master\spring-boot-tools\spring-boot-maven-plugin\target\it\run\src\test\resources
[INFO] 
[INFO] --- maven-compiler-plugin:2.5.1:testCompile (default-testCompile) @ run ---
[INFO] No sources to compile
[INFO] 
[INFO] <<< spring-boot-maven-plugin:1.2.0.BUILD-SNAPSHOT:run (default) @ run <<<
[INFO] 
[INFO] --- spring-boot-maven-plugin:1.2.0.BUILD-SNAPSHOT:run (default) @ run ---
[INFO] Attaching agents: []
I haz been run
[INFO] ------------------------------------------------------------------------
[INFO] BUILD SUCCESS
[INFO] ------------------------------------------------------------------------
[INFO] Total time: 7.164s
[INFO] Finished at: Tue Sep 23 02:08:29 IST 2014
[INFO] Final Memory: 16M/155M
[INFO] ------------------------------------------------------------------------
Running post-build script: C:\Users\Vaquar khan\Documents\workspace-sts-3.6.1.RELEASE\spring-boot-master\spring-boot-tools\spring-boot-maven-plugin\target\it\run\verify.groovy
Finished post-build script: C:\Users\Vaquar khan\Documents\workspace-sts-3.6.1.RELEASE\spring-boot-master\spring-boot-tools\spring-boot-maven-plugin\target\it\run\verify.groovy
