[INFO] Scanning for projects...
[INFO]                                                                         
[INFO] ------------------------------------------------------------------------
[INFO] Building executable-dir 0.0.1.BUILD-SNAPSHOT
[INFO] ------------------------------------------------------------------------
[INFO] 
[INFO] --- maven-resources-plugin:2.6:resources (default-resources) @ executable-dir ---
[INFO] Using 'UTF-8' encoding to copy filtered resources.
[INFO] skip non existing resourceDirectory C:\Users\Vaquar khan\Documents\workspace-sts-3.6.1.RELEASE\spring-boot-master\spring-boot-tools\spring-boot-loader\target\it\executable-dir\src\main\resources
[INFO] 
[INFO] --- maven-compiler-plugin:3.1:compile (default-compile) @ executable-dir ---
[INFO] Changes detected - recompiling the module!
[INFO] Compiling 3 source files to C:\Users\Vaquar khan\Documents\workspace-sts-3.6.1.RELEASE\spring-boot-master\spring-boot-tools\spring-boot-loader\target\it\executable-dir\target\classes
[INFO] 
[INFO] --- maven-resources-plugin:2.6:testResources (default-testResources) @ executable-dir ---
[INFO] Using 'UTF-8' encoding to copy filtered resources.
[INFO] skip non existing resourceDirectory C:\Users\Vaquar khan\Documents\workspace-sts-3.6.1.RELEASE\spring-boot-master\spring-boot-tools\spring-boot-loader\target\it\executable-dir\src\test\resources
[INFO] 
[INFO] --- maven-compiler-plugin:3.1:testCompile (default-testCompile) @ executable-dir ---
[INFO] No sources to compile
[INFO] 
[INFO] --- maven-surefire-plugin:2.12.4:test (default-test) @ executable-dir ---
[INFO] No tests to run.
[INFO] 
[INFO] --- maven-dependency-plugin:2.8:copy (unpack) @ executable-dir ---
[INFO] Configured Artifact: org.springframework.boot:spring-boot-loader:1.2.0.BUILD-SNAPSHOT:jar
[INFO] Copying spring-boot-loader-1.2.0.BUILD-SNAPSHOT.jar to C:\Users\Vaquar khan\Documents\workspace-sts-3.6.1.RELEASE\spring-boot-master\spring-boot-tools\spring-boot-loader\target\it\executable-dir\target\lib\spring-boot-loader-1.2.0.BUILD-SNAPSHOT.jar
[INFO] 
[INFO] --- maven-dependency-plugin:2.8:copy-dependencies (copy) @ executable-dir ---
[INFO] jetty-servlet-8.1.14.v20131031.jar already exists in destination.
[INFO] jetty-server-8.1.14.v20131031.jar already exists in destination.
[INFO] spring-web-4.0.5.RELEASE.jar already exists in destination.
[INFO] aopalliance-1.0.jar already exists in destination.
[INFO] jetty-io-8.1.14.v20131031.jar already exists in destination.
[INFO] jetty-jndi-8.1.14.v20131031.jar already exists in destination.
[INFO] javax.annotation-1.1.0.v201108011116.jar already exists in destination.
[INFO] jetty-continuation-8.1.14.v20131031.jar already exists in destination.
[INFO] jetty-security-8.1.14.v20131031.jar already exists in destination.
[INFO] javax.transaction-1.1.1.v201105210645.jar already exists in destination.
[INFO] javax.mail.glassfish-1.4.1.v201005082020.jar already exists in destination.
[INFO] spring-context-4.0.5.RELEASE.jar already exists in destination.
[INFO] jetty-xml-8.1.14.v20131031.jar already exists in destination.
[INFO] jetty-webapp-8.1.14.v20131031.jar already exists in destination.
[INFO] javax.activation-1.1.0.v201105071233.jar already exists in destination.
[INFO] spring-webmvc-4.0.5.RELEASE.jar already exists in destination.
[INFO] javax.servlet-3.0.0.v201112011016.jar already exists in destination.
[INFO] jetty-annotations-8.1.14.v20131031.jar already exists in destination.
[INFO] spring-beans-4.0.5.RELEASE.jar already exists in destination.
[INFO] commons-logging-1.1.3.jar already exists in destination.
[INFO] jetty-util-8.1.14.v20131031.jar already exists in destination.
[INFO] jetty-http-8.1.14.v20131031.jar already exists in destination.
[INFO] jetty-plus-8.1.14.v20131031.jar already exists in destination.
[INFO] spring-expression-4.0.5.RELEASE.jar already exists in destination.
[INFO] org.objectweb.asm-3.1.0.v200803061910.jar already exists in destination.
[INFO] spring-aop-4.0.5.RELEASE.jar already exists in destination.
[INFO] spring-core-4.0.5.RELEASE.jar already exists in destination.
[INFO] 
[INFO] --- maven-jar-plugin:2.4:jar (default-jar) @ executable-dir ---
[INFO] Building jar: C:\Users\Vaquar khan\Documents\workspace-sts-3.6.1.RELEASE\spring-boot-master\spring-boot-tools\spring-boot-loader\target\it\executable-dir\target\executable-dir-0.0.1.BUILD-SNAPSHOT.jar
[INFO] ------------------------------------------------------------------------
[INFO] BUILD SUCCESS
[INFO] ------------------------------------------------------------------------
[INFO] Total time: 51.472s
[INFO] Finished at: Tue Sep 23 02:04:12 IST 2014
[INFO] Final Memory: 18M/104M
[INFO] ------------------------------------------------------------------------
